[debug] [2025-11-02T12:15:15.232Z] ----------------------------------------------------------------------
[debug] [2025-11-02T12:15:15.233Z] Command:       /opt/homebrew/Cellar/node/24.4.1/bin/node /opt/homebrew/bin/firebase init hosting
[debug] [2025-11-02T12:15:15.233Z] CLI Version:   14.23.0
[debug] [2025-11-02T12:15:15.233Z] Platform:      darwin
[debug] [2025-11-02T12:15:15.233Z] Node Version:  v24.4.1
[debug] [2025-11-02T12:15:15.234Z] Time:          Sun Nov 02 2025 14:15:15 GMT+0200 (Eastern European Standard Time)
[debug] [2025-11-02T12:15:15.234Z] ----------------------------------------------------------------------
[debug] 
[info] 
     ######## #### ########  ######## ########     ###     ######  ########
     ##        ##  ##     ## ##       ##     ##  ##   ##  ##       ##
     ######    ##  ########  ######   ########  #########  ######  ######
     ##        ##  ##    ##  ##       ##     ## ##     ##       ## ##
     ##       #### ##     ## ######## ########  ##     ##  ######  ########

You're about to initialize a Firebase project in this directory:

  /Users/masrpay/StudioProjects

[info] 
=== Project Setup
[info] 
[info] First, let's associate this project directory with a Firebase project.
[info] You can create multiple project aliases by running firebase use --add, 
[info] 
[debug] [2025-11-02T12:17:36.048Z] > command requires scopes: ["email","openid","https://www.googleapis.com/auth/cloudplatformprojects.readonly","https://www.googleapis.com/auth/firebase","https://www.googleapis.com/auth/cloud-platform"]
[debug] [2025-11-02T12:17:36.048Z] > authorizing via signed-in user (ashraf.fathalla91@gmail.com)
[debug] [2025-11-02T12:17:36.049Z] Checked if tokens are valid: true, expires at: 1762089245709
[debug] [2025-11-02T12:17:36.049Z] Checked if tokens are valid: true, expires at: 1762089245709
[debug] [2025-11-02T12:17:36.050Z] >>> [apiv2][query] GET https://firebase.googleapis.com/v1beta1/projects pageSize=100
[debug] [2025-11-02T12:17:36.742Z] <<< [apiv2][status] GET https://firebase.googleapis.com/v1beta1/projects 200
[debug] [2025-11-02T12:17:36.742Z] <<< [apiv2][body] GET https://firebase.googleapis.com/v1beta1/projects [omitted]
[debug] [2025-11-02T12:17:51.654Z] ----------------------------------------------------------------------
[debug] [2025-11-02T12:17:51.656Z] Command:       /opt/homebrew/Cellar/node/24.4.1/bin/node /opt/homebrew/bin/firebase init hosting
[debug] [2025-11-02T12:17:51.656Z] CLI Version:   14.23.0
[debug] [2025-11-02T12:17:51.656Z] Platform:      darwin
[debug] [2025-11-02T12:17:51.656Z] Node Version:  v24.4.1
[debug] [2025-11-02T12:17:51.656Z] Time:          Sun Nov 02 2025 14:17:51 GMT+0200 (Eastern European Standard Time)
[debug] [2025-11-02T12:17:51.656Z] ----------------------------------------------------------------------
[debug] 
[info] 
     ######## #### ########  ######## ########     ###     ######  ########
     ##        ##  ##     ## ##       ##     ##  ##   ##  ##       ##
     ######    ##  ########  ######   ########  #########  ######  ######
     ##        ##  ##    ##  ##       ##     ## ##     ##       ## ##
     ##       #### ##     ## ######## ########  ##     ##  ######  ########

You're about to initialize a Firebase project in this directory:

  /Users/masrpay/StudioProjects

[info] 
=== Project Setup
[info] 
[info] First, let's associate this project directory with a Firebase project.
[info] You can create multiple project aliases by running firebase use --add, 
[info] 
[debug] [2025-11-02T12:18:00.097Z] > command requires scopes: ["email","openid","https://www.googleapis.com/auth/cloudplatformprojects.readonly","https://www.googleapis.com/auth/firebase","https://www.googleapis.com/auth/cloud-platform"]
[debug] [2025-11-02T12:18:00.097Z] > authorizing via signed-in user (ashraf.fathalla91@gmail.com)
[debug] [2025-11-02T12:18:00.098Z] Checked if tokens are valid: true, expires at: 1762089245709
[debug] [2025-11-02T12:18:00.098Z] Checked if tokens are valid: true, expires at: 1762089245709
[debug] [2025-11-02T12:18:00.099Z] >>> [apiv2][query] GET https://firebase.googleapis.com/v1beta1/projects pageSize=100
[debug] [2025-11-02T12:18:00.837Z] <<< [apiv2][status] GET https://firebase.googleapis.com/v1beta1/projects 200
[debug] [2025-11-02T12:18:00.838Z] <<< [apiv2][body] GET https://firebase.googleapis.com/v1beta1/projects [omitted]
[info] 
=== Hosting Setup
[debug] [2025-11-02T12:18:06.087Z] Checked if tokens are valid: true, expires at: 1762089245709
[debug] [2025-11-02T12:18:06.087Z] Checked if tokens are valid: true, expires at: 1762089245709
[debug] [2025-11-02T12:18:06.087Z] >>> [apiv2][query] GET https://firebase.googleapis.com/v1beta1/projects/transtech-7f850 [none]
[debug] [2025-11-02T12:18:06.536Z] <<< [apiv2][status] GET https://firebase.googleapis.com/v1beta1/projects/transtech-7f850 200
[debug] [2025-11-02T12:18:06.536Z] <<< [apiv2][body] GET https://firebase.googleapis.com/v1beta1/projects/transtech-7f850 {"projectId":"transtech-7f850","projectNumber":"68901662877","displayName":"TransTech","name":"projects/transtech-7f850","resources":{"hostingSite":"transtech-7f850"},"state":"ACTIVE","etag":"1_1de5bec9-197e-474b-8f0e-a5a0555c75c1"}
[info] 
[info] Your public directory is the folder (relative to your project directory) that
[info] will contain Hosting assets to be uploaded with firebase deploy. If you
[info] have a build process for your assets, use your build's output directory.
[info] 
[info] 
[info] i  Didn't detect a .git folder. Assuming /Users/masrpay/StudioProjects is the project root. 
[info] i  Authorizing with GitHub to upload your service account to a GitHub repository's secrets store. 
[info] 
[info] Visit this URL on this device to log in:
[info] https://github.com/login/oauth/authorize?client_id=89cf50f02ac6aaed3484&state=825474454&redirect_uri=http%3A%2F%2Flocalhost%3A9005&scope=read%3Auser%20repo%20public_repo
[info] 
[info] Waiting for authentication...
[debug] [2025-11-02T12:18:48.264Z] >>> [apiv2][query] POST https://github.com/login/oauth/access_token [none]
[debug] [2025-11-02T12:18:48.265Z] >>> [apiv2][body] POST https://github.com/login/oauth/access_token [stream]
[debug] [2025-11-02T12:18:48.655Z] <<< [apiv2][status] POST https://github.com/login/oauth/access_token 200
[debug] [2025-11-02T12:18:48.656Z] <<< [apiv2][body] POST https://github.com/login/oauth/access_token {"access_token":"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","token_type":"bearer","scope":"read:user,repo"}
[debug] [2025-11-02T12:18:48.661Z] >>> [apiv2][query] GET https://api.github.com/user [none]
[debug] [2025-11-02T12:18:49.236Z] <<< [apiv2][status] GET https://api.github.com/user 200
[debug] [2025-11-02T12:18:49.236Z] <<< [apiv2][body] GET https://api.github.com/user {"login":"ashrafffathalla","id":75317437,"node_id":"MDQ6VXNlcjc1MzE3NDM3","avatar_url":"https://avatars.githubusercontent.com/u/75317437?v=4","gravatar_id":"","url":"https://api.github.com/users/ashrafffathalla","html_url":"https://github.com/ashrafffathalla","followers_url":"https://api.github.com/users/ashrafffathalla/followers","following_url":"https://api.github.com/users/ashrafffathalla/following{/other_user}","gists_url":"https://api.github.com/users/ashrafffathalla/gists{/gist_id}","starred_url":"https://api.github.com/users/ashrafffathalla/starred{/owner}{/repo}","subscriptions_url":"https://api.github.com/users/ashrafffathalla/subscriptions","organizations_url":"https://api.github.com/users/ashrafffathalla/orgs","repos_url":"https://api.github.com/users/ashrafffathalla/repos","events_url":"https://api.github.com/users/ashrafffathalla/events{/privacy}","received_events_url":"https://api.github.com/users/ashrafffathalla/received_events","type":"User","user_view_type":"private","site_admin":false,"name":"Ashraf Fathalla","company":"@Abudiyab Rent A Car","blog":"ashraf.fathalla91@gmail.com","location":"KSA","email":null,"hireable":null,"bio":" Software Developer","twitter_username":null,"notification_email":null,"public_repos":48,"public_gists":0,"followers":12,"following":12,"created_at":"2020-12-01T13:31:46Z","updated_at":"2025-11-02T12:18:43Z","private_gists":0,"total_private_repos":10,"owned_private_repos":10,"disk_usage":298708,"collaborators":1,"two_factor_authentication":false,"plan":{"name":"free","space":976562499,"collaborators":0,"private_repos":10000}}
[info] 
[info] ✔  Success! Logged into GitHub as ashrafffathalla 
[info] 
